2023-10-05 13:42:53.344 +05:45  INF  User profile is available. Using 'C:\Users\Binisha\AppData\Local\ASP.NET\DataProtection-Keys' as key repository and Windows DPAPI to encrypt keys at rest.
2023-10-05 13:42:53.692 +05:45  INF  Now listening on: https://localhost:7777
2023-10-05 13:42:53.693 +05:45  INF  Now listening on: http://localhost:5275
2023-10-05 13:42:53.696 +05:45  INF  Application started. Press Ctrl+C to shut down.
2023-10-05 13:42:53.697 +05:45  INF  Hosting environment: Development
2023-10-05 13:42:53.697 +05:45  INF  Content root path: C:\Projects\BookManagementSystem\BookManagementSystem\
2023-10-05 13:42:55.718 +05:45  INF  Request starting HTTP/2 GET https://localhost:7777/swagger/index.html - -
2023-10-05 13:42:56.133 +05:45  INF  Request finished HTTP/2 GET https://localhost:7777/swagger/index.html - - - 200 - text/html;charset=utf-8 422.7753ms
2023-10-05 13:42:56.164 +05:45  INF  Request starting HTTP/2 GET https://localhost:7777/_framework/aspnetcore-browser-refresh.js - -
2023-10-05 13:42:56.164 +05:45  INF  Request starting HTTP/2 GET https://localhost:7777/_vs/browserLink - -
2023-10-05 13:42:56.170 +05:45  INF  Request finished HTTP/2 GET https://localhost:7777/_framework/aspnetcore-browser-refresh.js - - - 200 12372 application/javascript;+charset=utf-8 5.8257ms
2023-10-05 13:42:56.181 +05:45  INF  Request finished HTTP/2 GET https://localhost:7777/_vs/browserLink - - - 200 - text/javascript;+charset=UTF-8 17.1557ms
2023-10-05 13:42:56.480 +05:45  INF  Request starting HTTP/2 GET https://localhost:7777/swagger/v1/swagger.json - -
2023-10-05 13:42:56.625 +05:45  INF  Request finished HTTP/2 GET https://localhost:7777/swagger/v1/swagger.json - - - 200 - application/json;charset=utf-8 145.1414ms
2023-10-05 13:43:10.682 +05:45  INF  Request starting HTTP/1.1 POST https://localhost:7777/api/books application/json 123
2023-10-05 13:43:11.474 +05:45  INF  Failed to validate the token.Microsoft.IdentityModel.Tokens.SecurityTokenExpiredException: IDX10223: Lifetime validation failed. The token is expired. ValidTo (UTC): '10/2/2023 6:25:10 AM', Current time (UTC): '10/5/2023 7:58:11 AM'.
   at Microsoft.IdentityModel.Tokens.Validators.ValidateLifetime(Nullable`1 notBefore, Nullable`1 expires, SecurityToken securityToken, TokenValidationParameters validationParameters)
   at System.IdentityModel.Tokens.Jwt.JwtSecurityTokenHandler.ValidateTokenPayload(JwtSecurityToken jwtToken, TokenValidationParameters validationParameters, BaseConfiguration configuration)
   at System.IdentityModel.Tokens.Jwt.JwtSecurityTokenHandler.ValidateJWS(String token, TokenValidationParameters validationParameters, BaseConfiguration currentConfiguration, SecurityToken& signatureValidatedToken, ExceptionDispatchInfo& exceptionThrown)
--- End of stack trace from previous location ---
   at System.IdentityModel.Tokens.Jwt.JwtSecurityTokenHandler.ValidateToken(String token, JwtSecurityToken outerToken, TokenValidationParameters validationParameters, SecurityToken& signatureValidatedToken)
   at System.IdentityModel.Tokens.Jwt.JwtSecurityTokenHandler.ValidateToken(String token, TokenValidationParameters validationParameters, SecurityToken& validatedToken)
   at Microsoft.AspNetCore.Authentication.JwtBearer.JwtBearerHandler.HandleAuthenticateAsync()

2023-10-05 13:43:11.526 +05:45  INF  Bearer was not authenticated. Failure message: IDX10223: Lifetime validation failed. The token is expired. ValidTo (UTC): '10/2/2023 6:25:10 AM', Current time (UTC): '10/5/2023 7:58:11 AM'.
2023-10-05 13:43:11.548 +05:45  INF  Executing endpoint 'BookManagementSystem.Controllers.BooksController.PostBook (BookManagementSystem)'
2023-10-05 13:43:11.587 +05:45  INF  Route matched with {action = "PostBook", controller = "Books"}. Executing controller action with signature System.Threading.Tasks.Task`1[Microsoft.AspNetCore.Mvc.ActionResult] PostBook(BookManagementSystem.Entities.Book) on controller BookManagementSystem.Controllers.BooksController (BookManagementSystem).
2023-10-05 13:43:12.479 +05:45  INF  Saved 1 entities to in-memory store.
2023-10-05 13:43:12.491 +05:45  INF  Executing ObjectResult, writing value of type 'BookManagementSystem.Common.ResultModel`1[[System.String, System.Private.CoreLib, Version=6.0.0.0, Culture=neutral, PublicKeyToken=7cec85d7bea7798e]]'.
2023-10-05 13:43:12.512 +05:45  INF  Executed action BookManagementSystem.Controllers.BooksController.PostBook (BookManagementSystem) in 920.4064ms
2023-10-05 13:43:12.512 +05:45  INF  Executed endpoint 'BookManagementSystem.Controllers.BooksController.PostBook (BookManagementSystem)'
2023-10-05 13:43:12.516 +05:45  INF  Request finished HTTP/1.1 POST https://localhost:7777/api/books application/json 123 - 200 - application/json;+charset=utf-8 1834.8051ms
2023-10-05 13:43:15.420 +05:45  INF  Request starting HTTP/1.1 POST https://localhost:7777/api/books application/json 123
2023-10-05 13:43:15.421 +05:45  INF  Failed to validate the token.Microsoft.IdentityModel.Tokens.SecurityTokenExpiredException: IDX10223: Lifetime validation failed. The token is expired. ValidTo (UTC): '10/2/2023 6:25:10 AM', Current time (UTC): '10/5/2023 7:58:15 AM'.
   at Microsoft.IdentityModel.Tokens.Validators.ValidateLifetime(Nullable`1 notBefore, Nullable`1 expires, SecurityToken securityToken, TokenValidationParameters validationParameters)
   at System.IdentityModel.Tokens.Jwt.JwtSecurityTokenHandler.ValidateTokenPayload(JwtSecurityToken jwtToken, TokenValidationParameters validationParameters, BaseConfiguration configuration)
   at System.IdentityModel.Tokens.Jwt.JwtSecurityTokenHandler.ValidateJWS(String token, TokenValidationParameters validationParameters, BaseConfiguration currentConfiguration, SecurityToken& signatureValidatedToken, ExceptionDispatchInfo& exceptionThrown)
--- End of stack trace from previous location ---
   at System.IdentityModel.Tokens.Jwt.JwtSecurityTokenHandler.ValidateToken(String token, JwtSecurityToken outerToken, TokenValidationParameters validationParameters, SecurityToken& signatureValidatedToken)
   at System.IdentityModel.Tokens.Jwt.JwtSecurityTokenHandler.ValidateToken(String token, TokenValidationParameters validationParameters, SecurityToken& validatedToken)
   at Microsoft.AspNetCore.Authentication.JwtBearer.JwtBearerHandler.HandleAuthenticateAsync()

2023-10-05 13:43:15.422 +05:45  INF  Bearer was not authenticated. Failure message: IDX10223: Lifetime validation failed. The token is expired. ValidTo (UTC): '10/2/2023 6:25:10 AM', Current time (UTC): '10/5/2023 7:58:15 AM'.
2023-10-05 13:43:15.423 +05:45  INF  Executing endpoint 'BookManagementSystem.Controllers.BooksController.PostBook (BookManagementSystem)'
2023-10-05 13:43:15.423 +05:45  INF  Route matched with {action = "PostBook", controller = "Books"}. Executing controller action with signature System.Threading.Tasks.Task`1[Microsoft.AspNetCore.Mvc.ActionResult] PostBook(BookManagementSystem.Entities.Book) on controller BookManagementSystem.Controllers.BooksController (BookManagementSystem).
2023-10-05 13:43:15.438 +05:45  INF  Saved 1 entities to in-memory store.
2023-10-05 13:43:15.439 +05:45  INF  Executing ObjectResult, writing value of type 'BookManagementSystem.Common.ResultModel`1[[System.String, System.Private.CoreLib, Version=6.0.0.0, Culture=neutral, PublicKeyToken=7cec85d7bea7798e]]'.
2023-10-05 13:43:15.439 +05:45  INF  Executed action BookManagementSystem.Controllers.BooksController.PostBook (BookManagementSystem) in 16.0923ms
2023-10-05 13:43:15.439 +05:45  INF  Executed endpoint 'BookManagementSystem.Controllers.BooksController.PostBook (BookManagementSystem)'
2023-10-05 13:43:15.439 +05:45  INF  Request finished HTTP/1.1 POST https://localhost:7777/api/books application/json 123 - 200 - application/json;+charset=utf-8 18.5803ms
2023-10-05 13:43:19.274 +05:45  INF  Request starting HTTP/1.1 POST https://localhost:7777/api/books application/json 123
2023-10-05 13:43:19.277 +05:45  INF  Failed to validate the token.Microsoft.IdentityModel.Tokens.SecurityTokenExpiredException: IDX10223: Lifetime validation failed. The token is expired. ValidTo (UTC): '10/2/2023 6:25:10 AM', Current time (UTC): '10/5/2023 7:58:19 AM'.
   at Microsoft.IdentityModel.Tokens.Validators.ValidateLifetime(Nullable`1 notBefore, Nullable`1 expires, SecurityToken securityToken, TokenValidationParameters validationParameters)
   at System.IdentityModel.Tokens.Jwt.JwtSecurityTokenHandler.ValidateTokenPayload(JwtSecurityToken jwtToken, TokenValidationParameters validationParameters, BaseConfiguration configuration)
   at System.IdentityModel.Tokens.Jwt.JwtSecurityTokenHandler.ValidateJWS(String token, TokenValidationParameters validationParameters, BaseConfiguration currentConfiguration, SecurityToken& signatureValidatedToken, ExceptionDispatchInfo& exceptionThrown)
--- End of stack trace from previous location ---
   at System.IdentityModel.Tokens.Jwt.JwtSecurityTokenHandler.ValidateToken(String token, JwtSecurityToken outerToken, TokenValidationParameters validationParameters, SecurityToken& signatureValidatedToken)
   at System.IdentityModel.Tokens.Jwt.JwtSecurityTokenHandler.ValidateToken(String token, TokenValidationParameters validationParameters, SecurityToken& validatedToken)
   at Microsoft.AspNetCore.Authentication.JwtBearer.JwtBearerHandler.HandleAuthenticateAsync()

2023-10-05 13:43:19.277 +05:45  INF  Bearer was not authenticated. Failure message: IDX10223: Lifetime validation failed. The token is expired. ValidTo (UTC): '10/2/2023 6:25:10 AM', Current time (UTC): '10/5/2023 7:58:19 AM'.
2023-10-05 13:43:19.277 +05:45  INF  Executing endpoint 'BookManagementSystem.Controllers.BooksController.PostBook (BookManagementSystem)'
2023-10-05 13:43:19.277 +05:45  INF  Route matched with {action = "PostBook", controller = "Books"}. Executing controller action with signature System.Threading.Tasks.Task`1[Microsoft.AspNetCore.Mvc.ActionResult] PostBook(BookManagementSystem.Entities.Book) on controller BookManagementSystem.Controllers.BooksController (BookManagementSystem).
2023-10-05 13:43:19.287 +05:45  INF  Saved 1 entities to in-memory store.
2023-10-05 13:43:19.287 +05:45  INF  Executing ObjectResult, writing value of type 'BookManagementSystem.Common.ResultModel`1[[System.String, System.Private.CoreLib, Version=6.0.0.0, Culture=neutral, PublicKeyToken=7cec85d7bea7798e]]'.
2023-10-05 13:43:19.288 +05:45  INF  Executed action BookManagementSystem.Controllers.BooksController.PostBook (BookManagementSystem) in 10.231ms
2023-10-05 13:43:19.288 +05:45  INF  Executed endpoint 'BookManagementSystem.Controllers.BooksController.PostBook (BookManagementSystem)'
2023-10-05 13:43:19.288 +05:45  INF  Request finished HTTP/1.1 POST https://localhost:7777/api/books application/json 123 - 200 - application/json;+charset=utf-8 13.7220ms
2023-10-05 13:43:28.228 +05:45  INF  Request starting HTTP/1.1 GET https://localhost:7777/api/books?pageNumber=1&pageSize=3 - -
2023-10-05 13:43:28.229 +05:45  INF  Executing endpoint 'BookManagementSystem.Controllers.BooksController.GetBooks (BookManagementSystem)'
2023-10-05 13:43:28.231 +05:45  INF  Route matched with {action = "GetBooks", controller = "Books"}. Executing controller action with signature System.Threading.Tasks.Task`1[Microsoft.AspNetCore.Mvc.ActionResult] GetBooks(Int32, Int32) on controller BookManagementSystem.Controllers.BooksController (BookManagementSystem).
2023-10-05 13:43:35.284 +05:45  INF  Executing ObjectResult, writing value of type 'BookManagementSystem.Common.ResultModel`1[[BookManagementSystem.Entities.Book, BookManagementSystem, Version=1.0.0.0, Culture=neutral, PublicKeyToken=null]]'.
2023-10-05 13:43:35.285 +05:45  INF  Executed action BookManagementSystem.Controllers.BooksController.GetBooks (BookManagementSystem) in 7054.1043ms
2023-10-05 13:43:35.285 +05:45  INF  Executed endpoint 'BookManagementSystem.Controllers.BooksController.GetBooks (BookManagementSystem)'
2023-10-05 13:43:35.286 +05:45  INF  Request finished HTTP/1.1 GET https://localhost:7777/api/books?pageNumber=1&pageSize=3 - - - 200 - application/json;+charset=utf-8 7057.1581ms
2023-10-05 13:44:17.911 +05:45  INF  User profile is available. Using 'C:\Users\Binisha\AppData\Local\ASP.NET\DataProtection-Keys' as key repository and Windows DPAPI to encrypt keys at rest.
2023-10-05 13:44:18.123 +05:45  INF  Now listening on: https://localhost:7777
2023-10-05 13:44:18.123 +05:45  INF  Now listening on: http://localhost:5275
2023-10-05 13:44:18.126 +05:45  INF  Application started. Press Ctrl+C to shut down.
2023-10-05 13:44:18.127 +05:45  INF  Hosting environment: Development
2023-10-05 13:44:18.127 +05:45  INF  Content root path: C:\Projects\BookManagementSystem\BookManagementSystem\
2023-10-05 13:44:22.393 +05:45  INF  Request starting HTTP/2 GET https://localhost:7777/swagger/index.html - -
2023-10-05 13:44:22.823 +05:45  INF  Request finished HTTP/2 GET https://localhost:7777/swagger/index.html - - - 200 - text/html;charset=utf-8 435.8199ms
2023-10-05 13:44:22.833 +05:45  INF  Request starting HTTP/2 GET https://localhost:7777/_framework/aspnetcore-browser-refresh.js - -
2023-10-05 13:44:22.836 +05:45  INF  Request finished HTTP/2 GET https://localhost:7777/_framework/aspnetcore-browser-refresh.js - - - 200 12372 application/javascript;+charset=utf-8 3.4286ms
2023-10-05 13:44:22.847 +05:45  INF  Request starting HTTP/2 GET https://localhost:7777/_vs/browserLink - -
2023-10-05 13:44:22.867 +05:45  INF  Request finished HTTP/2 GET https://localhost:7777/_vs/browserLink - - - 200 - text/javascript;+charset=UTF-8 19.5326ms
2023-10-05 13:44:23.212 +05:45  INF  Request starting HTTP/2 GET https://localhost:7777/swagger/v1/swagger.json - -
2023-10-05 13:44:23.422 +05:45  INF  Request finished HTTP/2 GET https://localhost:7777/swagger/v1/swagger.json - - - 200 - application/json;charset=utf-8 209.3019ms
2023-10-05 13:44:46.519 +05:45  INF  Request starting HTTP/1.1 POST https://localhost:7777/api/books application/json 123
2023-10-05 13:44:46.730 +05:45  INF  Failed to validate the token.Microsoft.IdentityModel.Tokens.SecurityTokenExpiredException: IDX10223: Lifetime validation failed. The token is expired. ValidTo (UTC): '10/2/2023 6:25:10 AM', Current time (UTC): '10/5/2023 7:59:46 AM'.
   at Microsoft.IdentityModel.Tokens.Validators.ValidateLifetime(Nullable`1 notBefore, Nullable`1 expires, SecurityToken securityToken, TokenValidationParameters validationParameters)
   at System.IdentityModel.Tokens.Jwt.JwtSecurityTokenHandler.ValidateTokenPayload(JwtSecurityToken jwtToken, TokenValidationParameters validationParameters, BaseConfiguration configuration)
   at System.IdentityModel.Tokens.Jwt.JwtSecurityTokenHandler.ValidateJWS(String token, TokenValidationParameters validationParameters, BaseConfiguration currentConfiguration, SecurityToken& signatureValidatedToken, ExceptionDispatchInfo& exceptionThrown)
--- End of stack trace from previous location ---
   at System.IdentityModel.Tokens.Jwt.JwtSecurityTokenHandler.ValidateToken(String token, JwtSecurityToken outerToken, TokenValidationParameters validationParameters, SecurityToken& signatureValidatedToken)
   at System.IdentityModel.Tokens.Jwt.JwtSecurityTokenHandler.ValidateToken(String token, TokenValidationParameters validationParameters, SecurityToken& validatedToken)
   at Microsoft.AspNetCore.Authentication.JwtBearer.JwtBearerHandler.HandleAuthenticateAsync()

2023-10-05 13:44:46.759 +05:45  INF  Bearer was not authenticated. Failure message: IDX10223: Lifetime validation failed. The token is expired. ValidTo (UTC): '10/2/2023 6:25:10 AM', Current time (UTC): '10/5/2023 7:59:46 AM'.
2023-10-05 13:44:46.779 +05:45  INF  Executing endpoint 'BookManagementSystem.Controllers.BooksController.PostBook (BookManagementSystem)'
2023-10-05 13:44:46.809 +05:45  INF  Route matched with {action = "PostBook", controller = "Books"}. Executing controller action with signature System.Threading.Tasks.Task`1[Microsoft.AspNetCore.Mvc.ActionResult] PostBook(BookManagementSystem.Entities.Book) on controller BookManagementSystem.Controllers.BooksController (BookManagementSystem).
2023-10-05 13:44:47.594 +05:45  INF  Saved 1 entities to in-memory store.
2023-10-05 13:44:47.605 +05:45  INF  Executing ObjectResult, writing value of type 'BookManagementSystem.Common.ResultModel`1[[System.String, System.Private.CoreLib, Version=6.0.0.0, Culture=neutral, PublicKeyToken=7cec85d7bea7798e]]'.
2023-10-05 13:44:47.625 +05:45  INF  Executed action BookManagementSystem.Controllers.BooksController.PostBook (BookManagementSystem) in 811.5825ms
2023-10-05 13:44:47.625 +05:45  INF  Executed endpoint 'BookManagementSystem.Controllers.BooksController.PostBook (BookManagementSystem)'
2023-10-05 13:44:47.630 +05:45  INF  Request finished HTTP/1.1 POST https://localhost:7777/api/books application/json 123 - 200 - application/json;+charset=utf-8 1111.0191ms
2023-10-05 13:44:52.864 +05:45  INF  Request starting HTTP/1.1 GET https://localhost:7777/api/books?pageNumber=1&pageSize=3 - -
2023-10-05 13:44:52.865 +05:45  INF  Executing endpoint 'BookManagementSystem.Controllers.BooksController.GetBooks (BookManagementSystem)'
2023-10-05 13:44:52.868 +05:45  INF  Route matched with {action = "GetBooks", controller = "Books"}. Executing controller action with signature System.Threading.Tasks.Task`1[Microsoft.AspNetCore.Mvc.ActionResult] GetBooks(Int32, Int32) on controller BookManagementSystem.Controllers.BooksController (BookManagementSystem).
2023-10-05 13:45:02.315 +05:45  INF  Executing ObjectResult, writing value of type 'BookManagementSystem.Common.ResultModel`1[[BookManagementSystem.Entities.Book, BookManagementSystem, Version=1.0.0.0, Culture=neutral, PublicKeyToken=null]]'.
2023-10-05 13:45:02.316 +05:45  INF  Executed action BookManagementSystem.Controllers.BooksController.GetBooks (BookManagementSystem) in 9448.3256ms
2023-10-05 13:45:02.316 +05:45  INF  Executed endpoint 'BookManagementSystem.Controllers.BooksController.GetBooks (BookManagementSystem)'
2023-10-05 13:45:02.316 +05:45  INF  Request finished HTTP/1.1 GET https://localhost:7777/api/books?pageNumber=1&pageSize=3 - - - 200 - application/json;+charset=utf-8 9451.8949ms
2023-10-05 13:46:30.466 +05:45  INF  User profile is available. Using 'C:\Users\Binisha\AppData\Local\ASP.NET\DataProtection-Keys' as key repository and Windows DPAPI to encrypt keys at rest.
2023-10-05 13:46:30.640 +05:45  INF  Now listening on: https://localhost:7777
2023-10-05 13:46:30.640 +05:45  INF  Now listening on: http://localhost:5275
2023-10-05 13:46:30.643 +05:45  INF  Application started. Press Ctrl+C to shut down.
2023-10-05 13:46:30.643 +05:45  INF  Hosting environment: Development
2023-10-05 13:46:30.643 +05:45  INF  Content root path: C:\Projects\BookManagementSystem\BookManagementSystem\
2023-10-05 13:46:34.012 +05:45  INF  Request starting HTTP/2 GET https://localhost:7777/swagger/index.html - -
2023-10-05 13:46:34.346 +05:45  INF  Request finished HTTP/2 GET https://localhost:7777/swagger/index.html - - - 200 - text/html;charset=utf-8 336.7163ms
2023-10-05 13:46:34.378 +05:45  INF  Request starting HTTP/2 GET https://localhost:7777/_framework/aspnetcore-browser-refresh.js - -
2023-10-05 13:46:34.385 +05:45  INF  Request finished HTTP/2 GET https://localhost:7777/_framework/aspnetcore-browser-refresh.js - - - 200 12372 application/javascript;+charset=utf-8 6.8431ms
2023-10-05 13:46:34.386 +05:45  INF  Request starting HTTP/2 GET https://localhost:7777/_vs/browserLink - -
2023-10-05 13:46:34.401 +05:45  INF  Request finished HTTP/2 GET https://localhost:7777/_vs/browserLink - - - 200 - text/javascript;+charset=UTF-8 15.7720ms
2023-10-05 13:46:34.777 +05:45  INF  Request starting HTTP/2 GET https://localhost:7777/swagger/v1/swagger.json - -
2023-10-05 13:46:34.975 +05:45  INF  Request finished HTTP/2 GET https://localhost:7777/swagger/v1/swagger.json - - - 200 - application/json;charset=utf-8 198.8081ms
2023-10-05 13:46:48.943 +05:45  INF  Request starting HTTP/1.1 GET https://localhost:7777/api/books?pageNumber=1&pageSize=3 - -
2023-10-05 13:46:49.025 +05:45  INF  Executing endpoint 'BookManagementSystem.Controllers.BooksController.GetBooks (BookManagementSystem)'
2023-10-05 13:46:49.054 +05:45  INF  Route matched with {action = "GetBooks", controller = "Books"}. Executing controller action with signature System.Threading.Tasks.Task`1[Microsoft.AspNetCore.Mvc.ActionResult] GetBooks(Int32, Int32) on controller BookManagementSystem.Controllers.BooksController (BookManagementSystem).
2023-10-05 13:46:53.858 +05:45  INF  Executing ObjectResult, writing value of type 'BookManagementSystem.Common.ResultModel`1[[BookManagementSystem.Entities.Book, BookManagementSystem, Version=1.0.0.0, Culture=neutral, PublicKeyToken=null]]'.
2023-10-05 13:46:53.878 +05:45  INF  Executed action BookManagementSystem.Controllers.BooksController.GetBooks (BookManagementSystem) in 4819.445ms
2023-10-05 13:46:53.880 +05:45  INF  Executed endpoint 'BookManagementSystem.Controllers.BooksController.GetBooks (BookManagementSystem)'
2023-10-05 13:46:53.884 +05:45  INF  Request finished HTTP/1.1 GET https://localhost:7777/api/books?pageNumber=1&pageSize=3 - - - 200 - application/json;+charset=utf-8 4941.1837ms
2023-10-05 13:47:45.657 +05:45  INF  User profile is available. Using 'C:\Users\Binisha\AppData\Local\ASP.NET\DataProtection-Keys' as key repository and Windows DPAPI to encrypt keys at rest.
2023-10-05 13:47:45.812 +05:45  INF  Now listening on: https://localhost:7777
2023-10-05 13:47:45.812 +05:45  INF  Now listening on: http://localhost:5275
2023-10-05 13:47:45.814 +05:45  INF  Application started. Press Ctrl+C to shut down.
2023-10-05 13:47:45.814 +05:45  INF  Hosting environment: Development
2023-10-05 13:47:45.815 +05:45  INF  Content root path: C:\Projects\BookManagementSystem\BookManagementSystem\
2023-10-05 13:47:47.852 +05:45  INF  Request starting HTTP/2 GET https://localhost:7777/swagger/index.html - -
2023-10-05 13:47:48.158 +05:45  INF  Request finished HTTP/2 GET https://localhost:7777/swagger/index.html - - - 200 - text/html;charset=utf-8 308.6420ms
2023-10-05 13:47:48.165 +05:45  INF  Request starting HTTP/2 GET https://localhost:7777/_framework/aspnetcore-browser-refresh.js - -
2023-10-05 13:47:48.170 +05:45  INF  Request finished HTTP/2 GET https://localhost:7777/_framework/aspnetcore-browser-refresh.js - - - 200 12372 application/javascript;+charset=utf-8 4.7857ms
2023-10-05 13:47:48.184 +05:45  INF  Request starting HTTP/2 GET https://localhost:7777/_vs/browserLink - -
2023-10-05 13:47:48.207 +05:45  INF  Request finished HTTP/2 GET https://localhost:7777/_vs/browserLink - - - 200 - text/javascript;+charset=UTF-8 23.0680ms
2023-10-05 13:47:48.433 +05:45  INF  Request starting HTTP/2 GET https://localhost:7777/swagger/v1/swagger.json - -
2023-10-05 13:47:48.545 +05:45  INF  Request finished HTTP/2 GET https://localhost:7777/swagger/v1/swagger.json - - - 200 - application/json;charset=utf-8 111.8722ms
2023-10-05 13:47:53.872 +05:45  INF  Request starting HTTP/1.1 POST https://localhost:7777/api/User/AddRole application/json 106
2023-10-05 13:47:53.965 +05:45  INF  Executing endpoint 'BookManagementSystem.Controllers.UserController.SaveRole (BookManagementSystem)'
2023-10-05 13:47:54.002 +05:45  INF  Route matched with {action = "SaveRole", controller = "User"}. Executing controller action with signature System.Threading.Tasks.Task`1[Microsoft.AspNetCore.Mvc.ActionResult`1[System.String]] SaveRole(BookManagementSystem.Common.Roles) on controller BookManagementSystem.Controllers.UserController (BookManagementSystem).
2023-10-05 13:47:54.835 +05:45  INF  Saved 1 entities to in-memory store.
2023-10-05 13:47:54.851 +05:45  INF  Executing ObjectResult, writing value of type 'BookManagementSystem.Common.ResultModel`1[[System.String, System.Private.CoreLib, Version=6.0.0.0, Culture=neutral, PublicKeyToken=7cec85d7bea7798e]]'.
2023-10-05 13:47:54.873 +05:45  INF  Executed action BookManagementSystem.Controllers.UserController.SaveRole (BookManagementSystem) in 864.5562ms
2023-10-05 13:47:54.874 +05:45  INF  Executed endpoint 'BookManagementSystem.Controllers.UserController.SaveRole (BookManagementSystem)'
2023-10-05 13:47:54.880 +05:45  INF  Request finished HTTP/1.1 POST https://localhost:7777/api/User/AddRole application/json 106 - 200 - application/json;+charset=utf-8 1007.1861ms
2023-10-05 13:47:57.812 +05:45  INF  Request starting HTTP/1.1 POST https://localhost:7777/api/User/CreateUser application/json 289
2023-10-05 13:47:57.814 +05:45  INF  Executing endpoint 'BookManagementSystem.Controllers.UserController.SaveUser (BookManagementSystem)'
2023-10-05 13:47:57.816 +05:45  INF  Route matched with {action = "SaveUser", controller = "User"}. Executing controller action with signature System.Threading.Tasks.Task`1[Microsoft.AspNetCore.Mvc.ActionResult`1[System.String]] SaveUser(BookManagementSystem.Common.AdminViewModel) on controller BookManagementSystem.Controllers.UserController (BookManagementSystem).
2023-10-05 13:47:58.220 +05:45  INF  Saved 1 entities to in-memory store.
2023-10-05 13:48:04.738 +05:45  INF  Saved 2 entities to in-memory store.
2023-10-05 13:48:04.738 +05:45  INF  Executing ObjectResult, writing value of type 'BookManagementSystem.Common.ResultModel`1[[System.String, System.Private.CoreLib, Version=6.0.0.0, Culture=neutral, PublicKeyToken=7cec85d7bea7798e]]'.
2023-10-05 13:48:04.738 +05:45  INF  Executed action BookManagementSystem.Controllers.UserController.SaveUser (BookManagementSystem) in 6922.5265ms
2023-10-05 13:48:04.738 +05:45  INF  Executed endpoint 'BookManagementSystem.Controllers.UserController.SaveUser (BookManagementSystem)'
2023-10-05 13:48:04.738 +05:45  INF  Request finished HTTP/1.1 POST https://localhost:7777/api/User/CreateUser application/json 289 - 200 - application/json;+charset=utf-8 6926.7923ms
2023-10-05 13:48:11.593 +05:45  INF  Request starting HTTP/1.1 POST https://localhost:7777/api/login application/json 70
2023-10-05 13:48:11.594 +05:45  INF  Executing endpoint 'BookManagementSystem.Controllers.LoginController.Login (BookManagementSystem)'
2023-10-05 13:48:11.598 +05:45  INF  Route matched with {action = "Login", controller = "Login"}. Executing controller action with signature System.Threading.Tasks.Task`1[Microsoft.AspNetCore.Mvc.IActionResult] Login(BookManagementSystem.Common.UserLogin) on controller BookManagementSystem.Controllers.LoginController (BookManagementSystem).
2023-10-05 13:48:11.676 +05:45  INF  Saved 1 entities to in-memory store.
2023-10-05 13:48:11.805 +05:45  INF  Executing ObjectResult, writing value of type 'BookManagementSystem.Common.ResultModel`1[[BookManagementSystem.Common.UserModel, BookManagementSystem, Version=1.0.0.0, Culture=neutral, PublicKeyToken=null]]'.
2023-10-05 13:48:11.808 +05:45  INF  Executed action BookManagementSystem.Controllers.LoginController.Login (BookManagementSystem) in 210.0611ms
2023-10-05 13:48:11.808 +05:45  INF  Executed endpoint 'BookManagementSystem.Controllers.LoginController.Login (BookManagementSystem)'
2023-10-05 13:48:11.808 +05:45  INF  Request finished HTTP/1.1 POST https://localhost:7777/api/login application/json 70 - 200 - application/json;+charset=utf-8 215.7012ms
2023-10-05 13:48:15.857 +05:45  INF  Request starting HTTP/1.1 POST https://localhost:7777/api/books application/json 123
2023-10-05 13:48:15.925 +05:45  INF  Executing endpoint 'BookManagementSystem.Controllers.BooksController.PostBook (BookManagementSystem)'
2023-10-05 13:48:15.927 +05:45  INF  Route matched with {action = "PostBook", controller = "Books"}. Executing controller action with signature System.Threading.Tasks.Task`1[Microsoft.AspNetCore.Mvc.ActionResult] PostBook(BookManagementSystem.Entities.Book) on controller BookManagementSystem.Controllers.BooksController (BookManagementSystem).
2023-10-05 13:48:15.967 +05:45  INF  Saved 1 entities to in-memory store.
2023-10-05 13:48:15.967 +05:45  INF  Executing ObjectResult, writing value of type 'BookManagementSystem.Common.ResultModel`1[[System.String, System.Private.CoreLib, Version=6.0.0.0, Culture=neutral, PublicKeyToken=7cec85d7bea7798e]]'.
2023-10-05 13:48:15.967 +05:45  INF  Executed action BookManagementSystem.Controllers.BooksController.PostBook (BookManagementSystem) in 40.056ms
2023-10-05 13:48:15.967 +05:45  INF  Executed endpoint 'BookManagementSystem.Controllers.BooksController.PostBook (BookManagementSystem)'
2023-10-05 13:48:15.967 +05:45  INF  Request finished HTTP/1.1 POST https://localhost:7777/api/books application/json 123 - 200 - application/json;+charset=utf-8 110.1121ms
2023-10-05 13:48:19.703 +05:45  INF  Request starting HTTP/1.1 GET https://localhost:7777/api/books?pageNumber=1&pageSize=5 - -
2023-10-05 13:48:19.717 +05:45  INF  Executing endpoint 'BookManagementSystem.Controllers.BooksController.GetBooks (BookManagementSystem)'
2023-10-05 13:48:19.720 +05:45  INF  Route matched with {action = "GetBooks", controller = "Books"}. Executing controller action with signature System.Threading.Tasks.Task`1[Microsoft.AspNetCore.Mvc.ActionResult] GetBooks(Int32, Int32) on controller BookManagementSystem.Controllers.BooksController (BookManagementSystem).
2023-10-05 13:48:23.398 +05:45  INF  Executing ObjectResult, writing value of type 'BookManagementSystem.Common.ResultModel`1[[BookManagementSystem.Entities.Book, BookManagementSystem, Version=1.0.0.0, Culture=neutral, PublicKeyToken=null]]'.
2023-10-05 13:48:23.399 +05:45  INF  Executed action BookManagementSystem.Controllers.BooksController.GetBooks (BookManagementSystem) in 3679.3653ms
2023-10-05 13:48:23.399 +05:45  INF  Executed endpoint 'BookManagementSystem.Controllers.BooksController.GetBooks (BookManagementSystem)'
2023-10-05 13:48:23.399 +05:45  INF  Request finished HTTP/1.1 GET https://localhost:7777/api/books?pageNumber=1&pageSize=5 - - - 200 - application/json;+charset=utf-8 3696.3445ms
2023-10-05 13:48:31.674 +05:45  INF  Request starting HTTP/1.1 GET https://localhost:7777/api/books?pageNumber=1&pageSize=3 - -
2023-10-05 13:48:31.675 +05:45  INF  Authorization failed. These requirements were not met:
RolesAuthorizationRequirement:User.IsInRole must be true for one of the following roles: (User|Admin)
2023-10-05 13:48:31.682 +05:45  INF  AuthenticationScheme: Bearer was challenged.
2023-10-05 13:48:31.682 +05:45  INF  Request finished HTTP/1.1 GET https://localhost:7777/api/books?pageNumber=1&pageSize=3 - - - 401 0 - 8.3886ms
2023-10-05 13:48:38.190 +05:45  INF  Request starting HTTP/1.1 GET https://localhost:7777/api/books?pageNumber=1&pageSize=3 - -
2023-10-05 13:48:38.190 +05:45  INF  Authorization failed. These requirements were not met:
RolesAuthorizationRequirement:User.IsInRole must be true for one of the following roles: (User|Admin)
2023-10-05 13:48:38.191 +05:45  INF  AuthenticationScheme: Bearer was challenged.
2023-10-05 13:48:38.191 +05:45  INF  Request finished HTTP/1.1 GET https://localhost:7777/api/books?pageNumber=1&pageSize=3 - - - 401 0 - 1.0212ms
2023-10-05 13:49:09.796 +05:45  INF  Request starting HTTP/1.1 GET https://localhost:7777/api/books?pageNumber=1&pageSize=3 - -
2023-10-05 13:49:09.796 +05:45  INF  Authorization failed. These requirements were not met:
RolesAuthorizationRequirement:User.IsInRole must be true for one of the following roles: (User|Admin)
2023-10-05 13:49:09.796 +05:45  INF  AuthenticationScheme: Bearer was challenged.
2023-10-05 13:49:09.796 +05:45  INF  Request finished HTTP/1.1 GET https://localhost:7777/api/books?pageNumber=1&pageSize=3 - - - 401 0 - 0.3361ms
2023-10-05 13:49:23.093 +05:45  INF  Request starting HTTP/1.1 GET https://localhost:7777/api/books?pageNumber=1&pageSize=3 - -
2023-10-05 13:49:23.093 +05:45  INF  Authorization failed. These requirements were not met:
RolesAuthorizationRequirement:User.IsInRole must be true for one of the following roles: (User|Admin)
2023-10-05 13:49:23.093 +05:45  INF  AuthenticationScheme: Bearer was challenged.
2023-10-05 13:49:23.093 +05:45  INF  Request finished HTTP/1.1 GET https://localhost:7777/api/books?pageNumber=1&pageSize=3 - - - 401 0 - 0.3034ms
2023-10-05 13:49:35.942 +05:45  INF  Request starting HTTP/1.1 GET https://localhost:7777/api/books?pageNumber=1&pageSize=3 - -
2023-10-05 13:49:35.942 +05:45  INF  Authorization failed. These requirements were not met:
RolesAuthorizationRequirement:User.IsInRole must be true for one of the following roles: (User|Admin)
2023-10-05 13:49:35.942 +05:45  INF  AuthenticationScheme: Bearer was challenged.
2023-10-05 13:49:35.942 +05:45  INF  Request finished HTTP/1.1 GET https://localhost:7777/api/books?pageNumber=1&pageSize=3 - - - 401 0 - 0.3377ms
2023-10-05 13:49:51.519 +05:45  INF  Request starting HTTP/1.1 GET https://localhost:7777/api/books?pageNumber=1&pageSize=3 - -
2023-10-05 13:49:51.519 +05:45  INF  Authorization failed. These requirements were not met:
RolesAuthorizationRequirement:User.IsInRole must be true for one of the following roles: (User|Admin)
2023-10-05 13:49:51.519 +05:45  INF  AuthenticationScheme: Bearer was challenged.
2023-10-05 13:49:51.519 +05:45  INF  Request finished HTTP/1.1 GET https://localhost:7777/api/books?pageNumber=1&pageSize=3 - - - 401 0 - 0.3768ms
2023-10-05 13:50:14.725 +05:45  INF  Request starting HTTP/1.1 GET https://localhost:7777/api/books?pageNumber=1&pageSize=3 - -
2023-10-05 13:50:14.725 +05:45  INF  Authorization failed. These requirements were not met:
RolesAuthorizationRequirement:User.IsInRole must be true for one of the following roles: (User|Admin)
2023-10-05 13:50:14.725 +05:45  INF  AuthenticationScheme: Bearer was challenged.
2023-10-05 13:50:14.725 +05:45  INF  Request finished HTTP/1.1 GET https://localhost:7777/api/books?pageNumber=1&pageSize=3 - - - 401 0 - 0.3664ms
2023-10-05 13:50:33.710 +05:45  INF  Request starting HTTP/1.1 POST https://localhost:7777/api/login application/json 70
2023-10-05 13:50:33.711 +05:45  INF  Executing endpoint 'BookManagementSystem.Controllers.LoginController.Login (BookManagementSystem)'
2023-10-05 13:50:33.711 +05:45  INF  Route matched with {action = "Login", controller = "Login"}. Executing controller action with signature System.Threading.Tasks.Task`1[Microsoft.AspNetCore.Mvc.IActionResult] Login(BookManagementSystem.Common.UserLogin) on controller BookManagementSystem.Controllers.LoginController (BookManagementSystem).
2023-10-05 13:50:33.735 +05:45  INF  Saved 1 entities to in-memory store.
2023-10-05 13:50:33.736 +05:45  INF  Executing ObjectResult, writing value of type 'BookManagementSystem.Common.ResultModel`1[[BookManagementSystem.Common.UserModel, BookManagementSystem, Version=1.0.0.0, Culture=neutral, PublicKeyToken=null]]'.
2023-10-05 13:50:33.736 +05:45  INF  Executed action BookManagementSystem.Controllers.LoginController.Login (BookManagementSystem) in 25.1473ms
2023-10-05 13:50:33.736 +05:45  INF  Executed endpoint 'BookManagementSystem.Controllers.LoginController.Login (BookManagementSystem)'
2023-10-05 13:50:33.736 +05:45  INF  Request finished HTTP/1.1 POST https://localhost:7777/api/login application/json 70 - 200 - application/json;+charset=utf-8 25.6403ms
2023-10-05 13:50:37.056 +05:45  INF  Request starting HTTP/1.1 GET https://localhost:7777/api/books?pageNumber=1&pageSize=5 - -
2023-10-05 13:50:37.056 +05:45  INF  Executing endpoint 'BookManagementSystem.Controllers.BooksController.GetBooks (BookManagementSystem)'
2023-10-05 13:50:37.056 +05:45  INF  Route matched with {action = "GetBooks", controller = "Books"}. Executing controller action with signature System.Threading.Tasks.Task`1[Microsoft.AspNetCore.Mvc.ActionResult] GetBooks(Int32, Int32) on controller BookManagementSystem.Controllers.BooksController (BookManagementSystem).
2023-10-05 13:50:41.642 +05:45  INF  Executing ObjectResult, writing value of type 'BookManagementSystem.Common.ResultModel`1[[BookManagementSystem.Entities.Book, BookManagementSystem, Version=1.0.0.0, Culture=neutral, PublicKeyToken=null]]'.
2023-10-05 13:50:41.642 +05:45  INF  Executed action BookManagementSystem.Controllers.BooksController.GetBooks (BookManagementSystem) in 4586.009ms
2023-10-05 13:50:41.642 +05:45  INF  Executed endpoint 'BookManagementSystem.Controllers.BooksController.GetBooks (BookManagementSystem)'
2023-10-05 13:50:41.642 +05:45  INF  Request finished HTTP/1.1 GET https://localhost:7777/api/books?pageNumber=1&pageSize=5 - - - 200 - application/json;+charset=utf-8 4586.6601ms
2023-10-05 13:50:53.081 +05:45  INF  Request starting HTTP/1.1 GET https://localhost:7777/api/books?pageNumber=1&pageSize=3 - -
2023-10-05 13:50:53.081 +05:45  INF  Authorization failed. These requirements were not met:
RolesAuthorizationRequirement:User.IsInRole must be true for one of the following roles: (User|Admin)
2023-10-05 13:50:53.081 +05:45  INF  AuthenticationScheme: Bearer was challenged.
2023-10-05 13:50:53.081 +05:45  INF  Request finished HTTP/1.1 GET https://localhost:7777/api/books?pageNumber=1&pageSize=3 - - - 401 0 - 0.3936ms
2023-10-05 14:34:05.309 +05:45  INF  Now listening on: https://localhost:7777
2023-10-05 14:34:05.335 +05:45  INF  Now listening on: http://localhost:5275
2023-10-05 14:34:05.339 +05:45  INF  Application started. Press Ctrl+C to shut down.
2023-10-05 14:34:05.340 +05:45  INF  Hosting environment: Development
2023-10-05 14:34:05.340 +05:45  INF  Content root path: C:\Projects\BookManagementSystem\BookManagementSystem\
2023-10-05 14:34:05.835 +05:45  INF  Request starting HTTP/2 GET https://localhost:7777/swagger/index.html - -
2023-10-05 14:34:06.178 +05:45  INF  Request finished HTTP/2 GET https://localhost:7777/swagger/index.html - - - 200 - text/html;charset=utf-8 349.2666ms
2023-10-05 14:34:06.178 +05:45  INF  Request starting HTTP/2 GET https://localhost:7777/_framework/aspnetcore-browser-refresh.js - -
2023-10-05 14:34:06.191 +05:45  INF  Request finished HTTP/2 GET https://localhost:7777/_framework/aspnetcore-browser-refresh.js - - - 200 12372 application/javascript;+charset=utf-8 13.0296ms
2023-10-05 14:34:06.201 +05:45  INF  Request starting HTTP/2 GET https://localhost:7777/_vs/browserLink - -
2023-10-05 14:34:06.222 +05:45  INF  Request finished HTTP/2 GET https://localhost:7777/_vs/browserLink - - - 200 - text/javascript;+charset=UTF-8 20.7604ms
2023-10-05 14:34:06.464 +05:45  INF  Request starting HTTP/2 GET https://localhost:7777/swagger/v1/swagger.json - -
2023-10-05 14:34:06.578 +05:45  INF  Request finished HTTP/2 GET https://localhost:7777/swagger/v1/swagger.json - - - 200 - application/json;charset=utf-8 113.7415ms
2023-10-05 14:34:39.988 +05:45  INF  Request starting HTTP/1.1 POST https://localhost:7777/api/books application/json 123
2023-10-05 14:34:40.008 +05:45  INF  Executing endpoint 'BookManagementSystem.Controllers.BooksController.PostBook (BookManagementSystem)'
2023-10-05 14:34:40.038 +05:45  INF  Route matched with {action = "PostBook", controller = "Books"}. Executing controller action with signature System.Threading.Tasks.Task`1[Microsoft.AspNetCore.Mvc.ActionResult] PostBook(BookManagementSystem.Entities.Book) on controller BookManagementSystem.Controllers.BooksController (BookManagementSystem).
2023-10-05 14:34:40.917 +05:45  INF  Saved 1 entities to in-memory store.
2023-10-05 14:34:40.934 +05:45  INF  Executing ObjectResult, writing value of type 'BookManagementSystem.Common.ResultModel`1[[System.String, System.Private.CoreLib, Version=6.0.0.0, Culture=neutral, PublicKeyToken=7cec85d7bea7798e]]'.
2023-10-05 14:34:40.955 +05:45  INF  Executed action BookManagementSystem.Controllers.BooksController.PostBook (BookManagementSystem) in 911.5283ms
2023-10-05 14:34:40.955 +05:45  INF  Executed endpoint 'BookManagementSystem.Controllers.BooksController.PostBook (BookManagementSystem)'
2023-10-05 14:34:40.959 +05:45  INF  Request finished HTTP/1.1 POST https://localhost:7777/api/books application/json 123 - 200 - application/json;+charset=utf-8 971.2100ms
2023-10-05 14:34:50.978 +05:45  INF  Request starting HTTP/1.1 GET https://localhost:7777/api/books?pageNumber=1&pageSize=3 - -
2023-10-05 14:34:50.978 +05:45  INF  Executing endpoint 'BookManagementSystem.Controllers.BooksController.GetBooks (BookManagementSystem)'
2023-10-05 14:34:50.980 +05:45  INF  Route matched with {action = "GetBooks", controller = "Books"}. Executing controller action with signature System.Threading.Tasks.Task`1[Microsoft.AspNetCore.Mvc.ActionResult] GetBooks(Int32, Int32) on controller BookManagementSystem.Controllers.BooksController (BookManagementSystem).
2023-10-05 14:34:52.186 +05:45  INF  Executing ObjectResult, writing value of type 'BookManagementSystem.Common.ResultModel`1[[BookManagementSystem.Entities.Book, BookManagementSystem, Version=1.0.0.0, Culture=neutral, PublicKeyToken=null]]'.
2023-10-05 14:34:52.188 +05:45  INF  Executed action BookManagementSystem.Controllers.BooksController.GetBooks (BookManagementSystem) in 1208.0084ms
2023-10-05 14:34:52.188 +05:45  INF  Executed endpoint 'BookManagementSystem.Controllers.BooksController.GetBooks (BookManagementSystem)'
2023-10-05 14:34:52.189 +05:45  INF  Request finished HTTP/1.1 GET https://localhost:7777/api/books?pageNumber=1&pageSize=3 - - - 200 - application/json;+charset=utf-8 1211.0368ms
2023-10-05 14:35:18.163 +05:45  INF  Now listening on: https://localhost:7777
2023-10-05 14:35:18.182 +05:45  INF  Now listening on: http://localhost:5275
2023-10-05 14:35:18.185 +05:45  INF  Application started. Press Ctrl+C to shut down.
2023-10-05 14:35:18.185 +05:45  INF  Hosting environment: Development
2023-10-05 14:35:18.185 +05:45  INF  Content root path: C:\Projects\BookManagementSystem\BookManagementSystem\
2023-10-05 14:35:18.876 +05:45  INF  Request starting HTTP/2 GET https://localhost:7777/swagger/index.html - -
2023-10-05 14:35:19.068 +05:45  INF  Request finished HTTP/2 GET https://localhost:7777/swagger/index.html - - - 200 - text/html;charset=utf-8 193.4135ms
2023-10-05 14:35:19.077 +05:45  INF  Request starting HTTP/2 GET https://localhost:7777/_framework/aspnetcore-browser-refresh.js - -
2023-10-05 14:35:19.079 +05:45  INF  Request finished HTTP/2 GET https://localhost:7777/_framework/aspnetcore-browser-refresh.js - - - 200 12372 application/javascript;+charset=utf-8 1.9684ms
2023-10-05 14:35:19.098 +05:45  INF  Request starting HTTP/2 GET https://localhost:7777/_vs/browserLink - -
2023-10-05 14:35:19.106 +05:45  INF  Request finished HTTP/2 GET https://localhost:7777/_vs/browserLink - - - 200 - text/javascript;+charset=UTF-8 8.0230ms
2023-10-05 14:35:19.401 +05:45  INF  Request starting HTTP/2 GET https://localhost:7777/swagger/v1/swagger.json - -
2023-10-05 14:35:19.475 +05:45  INF  Request finished HTTP/2 GET https://localhost:7777/swagger/v1/swagger.json - - - 200 - application/json;charset=utf-8 74.7015ms
2023-10-05 14:35:29.538 +05:45  INF  Request starting HTTP/1.1 POST https://localhost:7777/api/books application/json 123
2023-10-05 14:35:29.553 +05:45  INF  Executing endpoint 'BookManagementSystem.Controllers.BooksController.PostBook (BookManagementSystem)'
2023-10-05 14:35:29.580 +05:45  INF  Route matched with {action = "PostBook", controller = "Books"}. Executing controller action with signature System.Threading.Tasks.Task`1[Microsoft.AspNetCore.Mvc.ActionResult] PostBook(BookManagementSystem.Entities.Book) on controller BookManagementSystem.Controllers.BooksController (BookManagementSystem).
2023-10-05 14:35:29.983 +05:45  INF  Saved 1 entities to in-memory store.
2023-10-05 14:35:29.993 +05:45  INF  Executing ObjectResult, writing value of type 'BookManagementSystem.Common.ResultModel`1[[System.String, System.Private.CoreLib, Version=6.0.0.0, Culture=neutral, PublicKeyToken=7cec85d7bea7798e]]'.
2023-10-05 14:35:30.009 +05:45  INF  Executed action BookManagementSystem.Controllers.BooksController.PostBook (BookManagementSystem) in 425.3076ms
2023-10-05 14:35:30.009 +05:45  INF  Executed endpoint 'BookManagementSystem.Controllers.BooksController.PostBook (BookManagementSystem)'
2023-10-05 14:35:30.012 +05:45  INF  Request finished HTTP/1.1 POST https://localhost:7777/api/books application/json 123 - 200 - application/json;+charset=utf-8 473.9568ms
2023-10-05 14:35:32.497 +05:45  INF  Request starting HTTP/1.1 GET https://localhost:7777/api/books?pageNumber=1&pageSize=3 - -
2023-10-05 14:35:32.498 +05:45  INF  Executing endpoint 'BookManagementSystem.Controllers.BooksController.GetBooks (BookManagementSystem)'
2023-10-05 14:35:32.500 +05:45  INF  Route matched with {action = "GetBooks", controller = "Books"}. Executing controller action with signature System.Threading.Tasks.Task`1[Microsoft.AspNetCore.Mvc.ActionResult] GetBooks(Int32, Int32) on controller BookManagementSystem.Controllers.BooksController (BookManagementSystem).
2023-10-05 14:35:32.630 +05:45  INF  Executing ObjectResult, writing value of type 'BookManagementSystem.Common.ResultModel`1[[BookManagementSystem.Entities.Book, BookManagementSystem, Version=1.0.0.0, Culture=neutral, PublicKeyToken=null]]'.
2023-10-05 14:35:32.632 +05:45  INF  Executed action BookManagementSystem.Controllers.BooksController.GetBooks (BookManagementSystem) in 131.5048ms
2023-10-05 14:35:32.632 +05:45  INF  Executed endpoint 'BookManagementSystem.Controllers.BooksController.GetBooks (BookManagementSystem)'
2023-10-05 14:35:32.632 +05:45  INF  Request finished HTTP/1.1 GET https://localhost:7777/api/books?pageNumber=1&pageSize=3 - - - 200 - application/json;+charset=utf-8 134.7286ms
2023-10-05 14:35:49.027 +05:45  INF  Request starting HTTP/1.1 POST https://localhost:7777/api/books application/json 123
2023-10-05 14:35:49.028 +05:45  INF  Executing endpoint 'BookManagementSystem.Controllers.BooksController.PostBook (BookManagementSystem)'
2023-10-05 14:35:49.028 +05:45  INF  Route matched with {action = "PostBook", controller = "Books"}. Executing controller action with signature System.Threading.Tasks.Task`1[Microsoft.AspNetCore.Mvc.ActionResult] PostBook(BookManagementSystem.Entities.Book) on controller BookManagementSystem.Controllers.BooksController (BookManagementSystem).
2023-10-05 14:35:49.040 +05:45  INF  Saved 1 entities to in-memory store.
2023-10-05 14:35:49.040 +05:45  INF  Executing ObjectResult, writing value of type 'BookManagementSystem.Common.ResultModel`1[[System.String, System.Private.CoreLib, Version=6.0.0.0, Culture=neutral, PublicKeyToken=7cec85d7bea7798e]]'.
2023-10-05 14:35:49.040 +05:45  INF  Executed action BookManagementSystem.Controllers.BooksController.PostBook (BookManagementSystem) in 12.4355ms
2023-10-05 14:35:49.041 +05:45  INF  Executed endpoint 'BookManagementSystem.Controllers.BooksController.PostBook (BookManagementSystem)'
2023-10-05 14:35:49.041 +05:45  INF  Request finished HTTP/1.1 POST https://localhost:7777/api/books application/json 123 - 200 - application/json;+charset=utf-8 13.9352ms
2023-10-05 14:35:52.520 +05:45  INF  Request starting HTTP/1.1 GET https://localhost:7777/api/books?pageNumber=1&pageSize=3 - -
2023-10-05 14:35:52.520 +05:45  INF  Executing endpoint 'BookManagementSystem.Controllers.BooksController.GetBooks (BookManagementSystem)'
2023-10-05 14:35:52.520 +05:45  INF  Route matched with {action = "GetBooks", controller = "Books"}. Executing controller action with signature System.Threading.Tasks.Task`1[Microsoft.AspNetCore.Mvc.ActionResult] GetBooks(Int32, Int32) on controller BookManagementSystem.Controllers.BooksController (BookManagementSystem).
2023-10-05 14:35:52.522 +05:45  INF  Executing ObjectResult, writing value of type 'BookManagementSystem.Common.ResultModel`1[[BookManagementSystem.Entities.Book, BookManagementSystem, Version=1.0.0.0, Culture=neutral, PublicKeyToken=null]]'.
2023-10-05 14:35:52.522 +05:45  INF  Executed action BookManagementSystem.Controllers.BooksController.GetBooks (BookManagementSystem) in 1.687ms
2023-10-05 14:35:52.522 +05:45  INF  Executed endpoint 'BookManagementSystem.Controllers.BooksController.GetBooks (BookManagementSystem)'
2023-10-05 14:35:52.522 +05:45  INF  Request finished HTTP/1.1 GET https://localhost:7777/api/books?pageNumber=1&pageSize=3 - - - 200 - application/json;+charset=utf-8 2.1831ms
